情報: Serverのバージョン名:     Apache Tomcat/10.0.12 [土 11月 20 17:57:42 JST 2021]
情報: Server ビルド:            Sep 28 2021 13:34:21 UTC [土 11月 20 17:57:42 JST 2021]
情報: サーバーのバージョン番号: 10.0.12.0 [土 11月 20 17:57:42 JST 2021]
情報: OS 名:                    Windows 10 [土 11月 20 17:57:42 JST 2021]
情報: OS バージョン:            10.0 [土 11月 20 17:57:42 JST 2021]
情報: アーキテクチャ:           amd64 [土 11月 20 17:57:42 JST 2021]
情報: Java Home:                C:\pleiades-2021-09-java-win-64bit-jre_20210919\pleiades\java\17 [土 11月 20 17:57:42 JST 2021]
情報: JVM バージョン:           17-beta+35-202109162336 [土 11月 20 17:57:42 JST 2021]
情報: JVM ベンダ:               Eclipse Adoptium [土 11月 20 17:57:42 JST 2021]
情報: CATALINA_BASE:            C:\LetsEngineer\curriculum\.metadata\.plugins\org.eclipse.wst.server.core\tmp0 [土 11月 20 17:57:42 JST 2021]
情報: CATALINA_HOME:            C:\pleiades-2021-09-java-win-64bit-jre_20210919\pleiades\tomcat\apache-tomcat-10.0.12 [土 11月 20 17:57:42 JST 2021]
情報: コマンドライン引数:       -Dcatalina.base=C:\LetsEngineer\curriculum\.metadata\.plugins\org.eclipse.wst.server.core\tmp0 [土 11月 20 17:57:42 JST 2021]
情報: コマンドライン引数:       -Dcatalina.home=C:\pleiades-2021-09-java-win-64bit-jre_20210919\pleiades\tomcat\apache-tomcat-10.0.12 [土 11月 20 17:57:42 JST 2021]
情報: コマンドライン引数:       -Dwtp.deploy=C:\LetsEngineer\curriculum\.metadata\.plugins\org.eclipse.wst.server.core\tmp0\wtpwebapps [土 11月 20 17:57:42 JST 2021]
情報: コマンドライン引数:       --add-opens=java.base/java.lang=ALL-UNNAMED [土 11月 20 17:57:42 JST 2021]
情報: コマンドライン引数:       --add-opens=java.base/java.io=ALL-UNNAMED [土 11月 20 17:57:42 JST 2021]
情報: コマンドライン引数:       --add-opens=java.base/java.util=ALL-UNNAMED [土 11月 20 17:57:42 JST 2021]
情報: コマンドライン引数:       --add-opens=java.base/java.util.concurrent=ALL-UNNAMED [土 11月 20 17:57:42 JST 2021]
情報: コマンドライン引数:       --add-opens=java.rmi/sun.rmi.transport=ALL-UNNAMED [土 11月 20 17:57:42 JST 2021]
情報: コマンドライン引数:       -Dfile.encoding=UTF-8 [土 11月 20 17:57:42 JST 2021]
情報: コマンドライン引数:       -XX:+ShowCodeDetailsInExceptionMessages [土 11月 20 17:57:42 JST 2021]
情報: APRバージョン[1.7.0]を使用してAPRベースのApache Tomcatネイティブライブラリ[1.2.31]をロードしました。 [土 11月 20 17:57:42 JST 2021]
情報: APR機能：IPv6 [true]、sendfile true]、受け入れフィルタ[false]、ランダム[true]、UDS [true] [土 11月 20 17:57:42 JST 2021]
情報: OpenSSLは[OpenSSL 1.1.1l  24 Aug 2021]を正常に初期化しました。 [土 11月 20 17:57:42 JST 2021]
情報: プロトコルハンドラ ["http-nio-8080"] を初期化します。 [土 11月 20 17:57:42 JST 2021]
情報: サーバーの初期化 [1269]ms [土 11月 20 17:57:42 JST 2021]
情報: サービス [Catalina] を起動します [土 11月 20 17:57:42 JST 2021]
情報: サーブレットエンジンの起動：[Apache Tomcat/10.0.12] [土 11月 20 17:57:42 JST 2021]
情報: 少なくとも1つのJARが、まだTLDを含んでいないTLDについてスキャンされました。 スキャンしたが、そこにTLDが見つからなかったJARの完全なリストについては、このロガーのデバッグログを有効にしてください。 スキャン中に不要なJARをスキップすると、起動時間とJSPのコンパイル時間が改善されます。 [土 11月 20 17:57:44 JST 2021]
情報: 少なくとも1つのJARが、まだTLDを含んでいないTLDについてスキャンされました。 スキャンしたが、そこにTLDが見つからなかったJARの完全なリストについては、このロガーのデバッグログを有効にしてください。 スキャン中に不要なJARをスキップすると、起動時間とJSPのコンパイル時間が改善されます。 [土 11月 20 17:57:44 JST 2021]
情報: プロトコルハンドラー ["http-nio-8080"] を開始しました。 [土 11月 20 17:57:44 JST 2021]
情報: サーバーの起動 [1808]ms [土 11月 20 17:57:44 JST 2021]
[MEMORY:16544808][2021/11/20 05:57:45.705] [org.apache.jsp.login_jsp] [_jspService] [161] セッションなし
[MEMORY:18104208][2021/11/20 05:57:51.904] [skillcheck.controller.BaseServlet] [<init>] [57] START
[MEMORY:18104208][2021/11/20 05:57:51.911] [skillcheck.controller.BaseServlet] [<init>] [61] END
[MEMORY:18104208][2021/11/20 05:57:51.921] [skillcheck.controller.EmployeeManagementController] [doPost] [102] START
[MEMORY:18104208][2021/11/20 05:57:51.922] [skillcheck.controller.EmployeeManagementController] [getRequestType] [205] START
[MEMORY:18104208][2021/11/20 05:57:51.926] [skillcheck.controller.EmployeeManagementController] [getRequestType] [208] requestTypeName = login
[MEMORY:18104208][2021/11/20 05:57:51.926] [skillcheck.controller.EmployeeManagementController] [getRequestType] [228] this.responseBean = skillcheck.bean.ResponseBean@b4871d6
[MEMORY:18104208][2021/11/20 05:57:51.927] [skillcheck.controller.EmployeeManagementController] [getRequestType] [238] END
[MEMORY:18104208][2021/11/20 05:57:51.927] [skillcheck.controller.EmployeeManagementController] [doPost] [132] RequestType = LOGIN
[MEMORY:18104208][2021/11/20 05:57:51.928] [skillcheck.service.BaseService] [<init>] [38] START
[MEMORY:18104208][2021/11/20 05:57:51.929] [skillcheck.service.BaseService] [<init>] [45] END
[MEMORY:18104208][2021/11/20 05:57:51.929] [skillcheck.controller.EmployeeManagementController] [lambda$0] [125] pEmpId: 00000
[MEMORY:18104208][2021/11/20 05:57:51.931] [skillcheck.controller.EmployeeManagementController] [lambda$1] [150] reqEmpId = 00000
[MEMORY:18104208][2021/11/20 05:57:51.931] [skillcheck.controller.EmployeeManagementController] [doPost] [155] --- ログイン ---
[MEMORY:18104208][2021/11/20 05:57:51.932] [skillcheck.controller.BaseServlet] [validateLogin] [144] START
[MEMORY:18104208][2021/11/20 05:57:51.935] [skillcheck.service.BaseService] [<init>] [38] START
[MEMORY:18104208][2021/11/20 05:57:51.936] [skillcheck.service.BaseService] [<init>] [45] END
[MEMORY:18104208][2021/11/20 05:57:51.939] [skillcheck.service.EmployeeManagementService] [getEmployeeData] [50] START
[MEMORY:18104208][2021/11/20 05:57:51.939] [skillcheck.service.EmployeeManagementService] [executeDBAccess] [67] START
[MEMORY:18104208][2021/11/20 05:57:51.940] [skillcheck.service.EmployeeManagementService] [executeDBAccess] [68] ExecuteCase = FIND_BY_EMPID
[MEMORY:18104208][2021/11/20 05:57:51.940] [skillcheck.service.BaseService] [executeGetConnection] [51] START
[MEMORY:22298640][2021/11/20 05:57:52.459] [skillcheck.service.BaseService] [executeGetConnection] [77] END
[MEMORY:22833432][2021/11/20 05:57:52.459] [skillcheck.service.EmployeeManagementService] [executeSelectQuery] [164] START
[MEMORY:22833432][2021/11/20 05:57:52.460] [skillcheck.service.EmployeeManagementService] [executeSelectQuery] [195] pEmployeeBeanList[0].empId = 00000
[MEMORY:22833432][2021/11/20 05:57:52.517] [skillcheck.service.EmployeeManagementService] [executeSelectQuery] [220] SQL: SELECT * FROM employee WHERE empId = '00000' AND deleteFlg = '0'
[MEMORY:22833432][2021/11/20 05:57:52.517] [skillcheck.service.EmployeeManagementService] [executeSelectQuery] [240] END
[MEMORY:23379448][2021/11/20 05:57:52.522] [skillcheck.service.EmployeeManagementService] [executeDBAccess] [87] meta = org.postgresql.jdbc.PgResultSetMetaData@7a54ab73
[MEMORY:23379448][2021/11/20 05:57:52.523] [skillcheck.service.EmployeeManagementService] [executeDBAccess] [94] empid: 00000
[MEMORY:23379448][2021/11/20 05:57:52.523] [skillcheck.service.EmployeeManagementService] [executeDBAccess] [94] password: 79540ba540cb09457b36ae847a7f5e81aec82373d34cb91978644f32d1eb7fdc
[MEMORY:23379448][2021/11/20 05:57:52.524] [skillcheck.service.EmployeeManagementService] [executeDBAccess] [94] name: fumiya
[MEMORY:23379448][2021/11/20 05:57:52.524] [skillcheck.service.EmployeeManagementService] [executeDBAccess] [94] mail: sample.jp
[MEMORY:23379448][2021/11/20 05:57:52.524] [skillcheck.service.EmployeeManagementService] [executeDBAccess] [94] programinglanguage: Java
[MEMORY:23379448][2021/11/20 05:57:52.525] [skillcheck.service.EmployeeManagementService] [executeDBAccess] [94] comment: yeah
[MEMORY:23379448][2021/11/20 05:57:52.525] [skillcheck.service.EmployeeManagementService] [executeDBAccess] [94] createdate: 2021/11/02 18:11:12
[MEMORY:23379448][2021/11/20 05:57:52.525] [skillcheck.service.EmployeeManagementService] [executeDBAccess] [94] updatedate: 2021/11/02 18:11:12
[MEMORY:23379448][2021/11/20 05:57:52.526] [skillcheck.service.EmployeeManagementService] [executeDBAccess] [120] reqStatus  = 0
[MEMORY:23379448][2021/11/20 05:57:52.526] [skillcheck.service.EmployeeManagementService] [executeDBAccess] [121] reqMessage = 
[MEMORY:23379448][2021/11/20 05:57:52.527] [skillcheck.service.BaseService] [executeCloseSQL] [112] START
[MEMORY:23379448][2021/11/20 05:57:52.531] [skillcheck.service.BaseService] [executeCloseSQL] [126] END
[MEMORY:23379448][2021/11/20 05:57:52.532] [skillcheck.service.EmployeeManagementService] [executeDBAccess] [152] END
[MEMORY:23379448][2021/11/20 05:57:52.532] [skillcheck.service.EmployeeManagementService] [getEmployeeData] [54] END
[MEMORY:23858800][2021/11/20 05:57:52.551] [skillcheck.util.PasswordHashUtil] [getSafetyPassword] [63] HASHED: 79540ba540cb09457b36ae847a7f5e81aec82373d34cb91978644f32d1eb7fdc
79540ba540cb09457b36ae847a7f5e81aec82373d34cb91978644f32d1eb7fdc
[MEMORY:23858800][2021/11/20 05:57:52.553] [skillcheck.controller.BaseServlet] [validateLogin] [201] isLoginError = false
[MEMORY:23858800][2021/11/20 05:57:52.554] [skillcheck.controller.BaseServlet] [validateLogin] [203] END
[MEMORY:23858800][2021/11/20 05:57:52.555] [skillcheck.controller.EmployeeManagementController] [doPost] [170] reqStatus  = 0
[MEMORY:23858800][2021/11/20 05:57:52.555] [skillcheck.controller.EmployeeManagementController] [doPost] [171] reqMessage = ログインに成功しました。
[MEMORY:23858800][2021/11/20 05:57:52.556] [skillcheck.controller.EmployeeManagementController] [doPost] [181] 遷移先 = /employeeResult.jsp
[MEMORY:29650968][2021/11/20 05:57:54.412] [org.apache.jsp.employeeResult_jsp] [_jspService] [147] セッションあり: loginEmpId = 00000
[MEMORY:29650968][2021/11/20 05:57:54.413] [skillcheck.controller.EmployeeManagementController] [doPost] [194] END
[MEMORY:30465768][2021/11/20 05:58:13.699] [skillcheck.controller.EmployeeManagementController] [doGet] [39] START
[MEMORY:30465768][2021/11/20 05:58:13.700] [skillcheck.service.BaseService] [<init>] [38] START
[MEMORY:30465768][2021/11/20 05:58:13.700] [skillcheck.service.BaseService] [<init>] [45] END
[MEMORY:30465768][2021/11/20 05:58:13.701] [skillcheck.controller.BaseServlet] [validateSession] [74] START
[MEMORY:30465768][2021/11/20 05:58:13.701] [skillcheck.controller.BaseServlet] [validateSession] [91] セッションあり
[MEMORY:30465768][2021/11/20 05:58:13.702] [skillcheck.controller.BaseServlet] [validateSession] [112] END
[MEMORY:30465768][2021/11/20 05:58:13.702] [skillcheck.controller.EmployeeManagementController] [doGet] [53] hasSession = true
[MEMORY:30465768][2021/11/20 05:58:13.703] [skillcheck.controller.EmployeeManagementController] [getRequestType] [205] START
[MEMORY:30465768][2021/11/20 05:58:13.703] [skillcheck.controller.EmployeeManagementController] [getRequestType] [208] requestTypeName = logout
[MEMORY:30465768][2021/11/20 05:58:13.704] [skillcheck.controller.EmployeeManagementController] [getRequestType] [228] this.responseBean = skillcheck.bean.ResponseBean@fac80d0
[MEMORY:30465768][2021/11/20 05:58:13.704] [skillcheck.controller.EmployeeManagementController] [getRequestType] [238] END
[MEMORY:30465768][2021/11/20 05:58:13.706] [skillcheck.controller.EmployeeManagementController] [doGet] [57] RequestType = LOGOUT
[MEMORY:30465768][2021/11/20 05:58:13.707] [skillcheck.controller.EmployeeManagementController] [doGet] [82] reqStatus  = 0
[MEMORY:30465768][2021/11/20 05:58:13.707] [skillcheck.controller.EmployeeManagementController] [doGet] [83] reqMessage = null
[MEMORY:30465768][2021/11/20 05:58:13.707] [skillcheck.controller.EmployeeManagementController] [doGet] [87] 遷移先 = /employeeResult.jsp
[MEMORY:30465768][2021/11/20 05:58:13.708] [skillcheck.controller.EmployeeManagementController] [doGet] [96] END
[MEMORY:30619576][2021/11/20 05:58:13.721] [org.apache.jsp.login_jsp] [_jspService] [167] セッションあり
[MEMORY:30619576][2021/11/20 05:58:13.722] [org.apache.jsp.login_jsp] [_jspService] [188] message = 
[MEMORY:30773384][2021/11/20 05:58:17.831] [skillcheck.controller.EmployeeManagementController] [doPost] [102] START
[MEMORY:30773384][2021/11/20 05:58:17.832] [skillcheck.controller.EmployeeManagementController] [getRequestType] [205] START
[MEMORY:30773384][2021/11/20 05:58:17.833] [skillcheck.controller.EmployeeManagementController] [getRequestType] [208] requestTypeName = login
[MEMORY:30773384][2021/11/20 05:58:17.834] [skillcheck.controller.EmployeeManagementController] [getRequestType] [228] this.responseBean = skillcheck.bean.ResponseBean@50c71e9a
[MEMORY:30773384][2021/11/20 05:58:17.834] [skillcheck.controller.EmployeeManagementController] [getRequestType] [238] END
[MEMORY:30773384][2021/11/20 05:58:17.835] [skillcheck.controller.EmployeeManagementController] [doPost] [132] RequestType = LOGIN
[MEMORY:30773384][2021/11/20 05:58:17.835] [skillcheck.service.BaseService] [<init>] [38] START
[MEMORY:30773384][2021/11/20 05:58:17.835] [skillcheck.service.BaseService] [<init>] [45] END
[MEMORY:30773384][2021/11/20 05:58:17.836] [skillcheck.controller.EmployeeManagementController] [lambda$0] [125] pEmpId: 00000
[MEMORY:30773384][2021/11/20 05:58:17.836] [skillcheck.controller.EmployeeManagementController] [lambda$1] [150] reqEmpId = 00000
[MEMORY:30773384][2021/11/20 05:58:17.836] [skillcheck.controller.EmployeeManagementController] [doPost] [155] --- ログイン ---
[MEMORY:30773384][2021/11/20 05:58:17.836] [skillcheck.controller.BaseServlet] [validateLogin] [144] START
[MEMORY:30773384][2021/11/20 05:58:17.836] [skillcheck.service.BaseService] [<init>] [38] START
[MEMORY:30773384][2021/11/20 05:58:17.837] [skillcheck.service.BaseService] [<init>] [45] END
[MEMORY:30773384][2021/11/20 05:58:17.837] [skillcheck.service.EmployeeManagementService] [getEmployeeData] [50] START
[MEMORY:30773384][2021/11/20 05:58:17.837] [skillcheck.service.EmployeeManagementService] [executeDBAccess] [67] START
[MEMORY:30773384][2021/11/20 05:58:17.837] [skillcheck.service.EmployeeManagementService] [executeDBAccess] [68] ExecuteCase = FIND_BY_EMPID
[MEMORY:30773384][2021/11/20 05:58:17.838] [skillcheck.service.BaseService] [executeGetConnection] [51] START
[MEMORY:31081048][2021/11/20 05:58:17.920] [skillcheck.service.BaseService] [executeGetConnection] [77] END
[MEMORY:31081048][2021/11/20 05:58:17.921] [skillcheck.service.EmployeeManagementService] [executeSelectQuery] [164] START
[MEMORY:31081048][2021/11/20 05:58:17.921] [skillcheck.service.EmployeeManagementService] [executeSelectQuery] [195] pEmployeeBeanList[0].empId = 00000
[MEMORY:31081048][2021/11/20 05:58:17.927] [skillcheck.service.EmployeeManagementService] [executeSelectQuery] [220] SQL: SELECT * FROM employee WHERE empId = '00000' AND deleteFlg = '0'
[MEMORY:31081048][2021/11/20 05:58:17.927] [skillcheck.service.EmployeeManagementService] [executeSelectQuery] [240] END
[MEMORY:31081048][2021/11/20 05:58:17.927] [skillcheck.service.EmployeeManagementService] [executeDBAccess] [87] meta = org.postgresql.jdbc.PgResultSetMetaData@5e00eaf2
[MEMORY:31081048][2021/11/20 05:58:17.927] [skillcheck.service.EmployeeManagementService] [executeDBAccess] [94] empid: 00000
[MEMORY:31234944][2021/11/20 05:58:17.928] [skillcheck.service.EmployeeManagementService] [executeDBAccess] [94] password: 79540ba540cb09457b36ae847a7f5e81aec82373d34cb91978644f32d1eb7fdc
[MEMORY:31234944][2021/11/20 05:58:17.928] [skillcheck.service.EmployeeManagementService] [executeDBAccess] [94] name: fumiya
[MEMORY:31234944][2021/11/20 05:58:17.929] [skillcheck.service.EmployeeManagementService] [executeDBAccess] [94] mail: sample.jp
[MEMORY:31234944][2021/11/20 05:58:17.929] [skillcheck.service.EmployeeManagementService] [executeDBAccess] [94] programinglanguage: Java
[MEMORY:31234944][2021/11/20 05:58:17.929] [skillcheck.service.EmployeeManagementService] [executeDBAccess] [94] comment: yeah
[MEMORY:31234944][2021/11/20 05:58:17.930] [skillcheck.service.EmployeeManagementService] [executeDBAccess] [94] createdate: 2021/11/02 18:11:12
[MEMORY:31234944][2021/11/20 05:58:17.930] [skillcheck.service.EmployeeManagementService] [executeDBAccess] [94] updatedate: 2021/11/02 18:11:12
[MEMORY:31234944][2021/11/20 05:58:17.930] [skillcheck.service.EmployeeManagementService] [executeDBAccess] [120] reqStatus  = 0
[MEMORY:31234944][2021/11/20 05:58:17.930] [skillcheck.service.EmployeeManagementService] [executeDBAccess] [121] reqMessage = 
[MEMORY:31234944][2021/11/20 05:58:17.931] [skillcheck.service.BaseService] [executeCloseSQL] [112] START
[MEMORY:31234944][2021/11/20 05:58:17.932] [skillcheck.service.BaseService] [executeCloseSQL] [126] END
[MEMORY:31234944][2021/11/20 05:58:17.932] [skillcheck.service.EmployeeManagementService] [executeDBAccess] [152] END
[MEMORY:31234944][2021/11/20 05:58:17.932] [skillcheck.service.EmployeeManagementService] [getEmployeeData] [54] END
[MEMORY:31696440][2021/11/20 05:58:17.941] [skillcheck.util.PasswordHashUtil] [getSafetyPassword] [63] HASHED: 79540ba540cb09457b36ae847a7f5e81aec82373d34cb91978644f32d1eb7fdc
79540ba540cb09457b36ae847a7f5e81aec82373d34cb91978644f32d1eb7fdc
[MEMORY:31696440][2021/11/20 05:58:17.942] [skillcheck.controller.BaseServlet] [validateLogin] [201] isLoginError = false
[MEMORY:31696440][2021/11/20 05:58:17.942] [skillcheck.controller.BaseServlet] [validateLogin] [203] END
[MEMORY:31696440][2021/11/20 05:58:17.942] [skillcheck.controller.EmployeeManagementController] [doPost] [170] reqStatus  = 0
[MEMORY:31696440][2021/11/20 05:58:17.942] [skillcheck.controller.EmployeeManagementController] [doPost] [171] reqMessage = ログインに成功しました。
[MEMORY:31850272][2021/11/20 05:58:17.943] [skillcheck.controller.EmployeeManagementController] [doPost] [181] 遷移先 = /employeeResult.jsp
[MEMORY:31850272][2021/11/20 05:58:17.946] [org.apache.jsp.employeeResult_jsp] [_jspService] [147] セッションあり: loginEmpId = 00000
[MEMORY:31850272][2021/11/20 05:58:17.946] [skillcheck.controller.EmployeeManagementController] [doPost] [194] END
[MEMORY:32243424][2021/11/20 05:58:42.215] [skillcheck.controller.EmployeeManagementController] [doGet] [39] START
[MEMORY:32243424][2021/11/20 05:58:42.217] [skillcheck.service.BaseService] [<init>] [38] START
[MEMORY:32243424][2021/11/20 05:58:42.217] [skillcheck.service.BaseService] [<init>] [45] END
[MEMORY:32243424][2021/11/20 05:58:42.217] [skillcheck.controller.BaseServlet] [validateSession] [74] START
[MEMORY:32243424][2021/11/20 05:58:42.218] [skillcheck.controller.BaseServlet] [validateSession] [91] セッションあり
[MEMORY:32243424][2021/11/20 05:58:42.218] [skillcheck.controller.BaseServlet] [validateSession] [112] END
[MEMORY:32243424][2021/11/20 05:58:42.219] [skillcheck.controller.EmployeeManagementController] [doGet] [53] hasSession = true
[MEMORY:32243424][2021/11/20 05:58:42.219] [skillcheck.controller.EmployeeManagementController] [getRequestType] [205] START
[MEMORY:32243424][2021/11/20 05:58:42.220] [skillcheck.controller.EmployeeManagementController] [getRequestType] [208] requestTypeName = logout
[MEMORY:32243424][2021/11/20 05:58:42.220] [skillcheck.controller.EmployeeManagementController] [getRequestType] [228] this.responseBean = skillcheck.bean.ResponseBean@7ea3c8ab
[MEMORY:32243424][2021/11/20 05:58:42.220] [skillcheck.controller.EmployeeManagementController] [getRequestType] [238] END
[MEMORY:32243424][2021/11/20 05:58:42.221] [skillcheck.controller.EmployeeManagementController] [doGet] [57] RequestType = LOGOUT
[MEMORY:32243424][2021/11/20 05:58:42.221] [skillcheck.controller.EmployeeManagementController] [doGet] [82] reqStatus  = 0
[MEMORY:32243424][2021/11/20 05:58:42.221] [skillcheck.controller.EmployeeManagementController] [doGet] [83] reqMessage = null
[MEMORY:32243424][2021/11/20 05:58:42.221] [skillcheck.controller.EmployeeManagementController] [doGet] [87] 遷移先 = /employeeResult.jsp
[MEMORY:32243424][2021/11/20 05:58:42.222] [skillcheck.controller.EmployeeManagementController] [doGet] [96] END
[MEMORY:32243424][2021/11/20 05:58:42.233] [org.apache.jsp.login_jsp] [_jspService] [167] セッションあり
[MEMORY:32243424][2021/11/20 05:58:42.233] [org.apache.jsp.login_jsp] [_jspService] [188] message = 
